<?xml version="1.0" encoding="UTF-8"?>
<!-- Generated by org.testng.reporters.JUnitXMLReporter -->
<testsuite hostname="DESKTOP-94SQPTM" name="Division test" tests="4" failures="0" timestamp="15 May 2019 11:28:46 GMT" time="0.007" errors="0">
  <testcase name="resultDivDouble" time="0.0" classname="myTestNG.Division"/>
  <testcase name="resultDivDouble3" time="0.0" classname="myTestNG.Division"/>
  <testcase name="resultDivLong" time="0.0" classname="myTestNG.Division"/>
  <testcase name="resultDivLong3" time="0.0" classname="myTestNG.Division"/>
</testsuite> <!-- Division test -->
