<?xml version="1.0" encoding="UTF-8"?>
<!-- Generated by org.testng.reporters.JUnitXMLReporter -->
<testsuite hostname="DESKTOP-94SQPTM" name="ClassRunner" tests="7" failures="0" timestamp="15 May 2019 08:45:45 GMT" time="0.015" errors="0">
  <testcase name="resuiltMultLong" time="0.0" classname="myTestNG.Multiplication"/>
  <testcase name="resultMultDouble" time="0.0" classname="myTestNG.Multiplication"/>
  <testcase name="resultSubDouble" time="0.0" classname="myTestNG.Subtraction"/>
  <testcase name="resultSubLong" time="0.0" classname="myTestNG.Subtraction"/>
  <testcase name="resultSumDouble" time="0.0" classname="myTestNG.Sum"/>
  <testcase name="resultSumLong" time="0.0" classname="myTestNG.Sum"/>
  <testcase name="resultOfSumDouble2" time="0.0" classname="myTestNG.Sum"/>
</testsuite> <!-- ClassRunner -->
